<?xml version="1.0" encoding="UTF-8" ?>
<testsuite errors="2" failures="0" hostname="Dell-PC" name="test.com.bank.AccountTest" skipped="0" tests="2" time="0.094" timestamp="2015-04-19T20:38:17">
  <properties>
    <property name="java.vendor" value="Oracle Corporation" />
    <property name="checkstyle.failure" value="Got 551 errors and 0 warnings." />
    <property name="sun.java.launcher" value="SUN_STANDARD" />
    <property name="install.home.dir" value="D:/Jenkins-Training/Installations" />
    <property name="eclipse.pdebuild.templates" value="/D:/eclipse-luna-win64/plugins/org.eclipse.pde.build_3.9.0.v20140415-2029/templates/" />
    <property name="sun.management.compiler" value="HotSpot 64-Bit Tiered Compilers" />
    <property name="checkstyle.home.dir" value="D:\Jenkins-Training\Installations\checkstyle-5.5" />
    <property name="os.name" value="Windows 7" />
    <property name="sun.boot.class.path" value="D:\Java64\jdk1.8.0_25\jre\lib\resources.jar;D:\Java64\jdk1.8.0_25\jre\lib\rt.jar;D:\Java64\jdk1.8.0_25\jre\lib\sunrsasign.jar;D:\Java64\jdk1.8.0_25\jre\lib\jsse.jar;D:\Java64\jdk1.8.0_25\jre\lib\jce.jar;D:\Java64\jdk1.8.0_25\jre\lib\charsets.jar;D:\Java64\jdk1.8.0_25\jre\lib\jfr.jar;D:\Java64\jdk1.8.0_25\jre\classes" />
    <property name="sun.desktop" value="windows" />
    <property name="java.vm.specification.vendor" value="Oracle Corporation" />
    <property name="net.sourceforge.cobertura.datafile" value="D:\Eclipse-Repositories\MyAccounts\build\reports\temp\cobertura.ser" />
    <property name="ant.home" value="D:\eclipse-luna-win64\plugins\org.apache.ant_1.9.2.v201404171502" />
    <property name="java.runtime.version" value="1.8.0_25-b18" />
    <property name="user.name" value="Dell" />
    <property name="reports" value="D:\Eclipse-Repositories\MyAccounts\build\reports" />
    <property name="edu.umd.cs.findbugs.FindBugs2.executeReturnCode.146d78d2-9da3-4679-93fa-28b4dcefc9d0" value="3" />
    <property name="build.dir" value="bin" />
    <property name="ant.file.Test_FindBugs" value="D:\Eclipse-Repositories\MyAccounts\build_test_analyse.xml" />
    <property name="user.language" value="en" />
    <property name="sun.boot.library.path" value="D:\Java64\jdk1.8.0_25\jre\bin" />
    <property name="ant.project.default-target" value="coberturaReport" />
    <property name="report.findbugs.dir" value="D:\Eclipse-Repositories\MyAccounts\build\reports\findbugs" />
    <property name="ant.project.name" value="Test_FindBugs" />
    <property name="java.version" value="1.8.0_25" />
    <property name="user.timezone" value="Asia/Calcutta" />
    <property name="sun.arch.data.model" value="64" />
    <property name="checkstyle.available" value="true" />
    <property name="java.endorsed.dirs" value="D:\Java64\jdk1.8.0_25\jre\lib\endorsed" />
    <property name="sun.cpu.isalist" value="amd64" />
    <property name="sun.jnu.encoding" value="Cp1252" />
    <property name="file.encoding.pkg" value="sun.io" />
    <property name="file.separator" value="\" />
    <property name="java.specification.name" value="Java Platform API Specification" />
    <property name="java.class.version" value="52.0" />
    <property name="pmd.home.dir" value="D:/Jenkins-Training/Installations/pmd-bin-5.1" />
    <property name="user.country" value="US" />
    <property name="java.home" value="D:\Java64\jdk1.8.0_25\jre" />
    <property name="java.vm.info" value="mixed mode" />
    <property name="ant.file" value="D:\Eclipse-Repositories\MyAccounts\build_test_analyse.xml" />
    <property name="os.version" value="6.1" />
    <property name="ant.file.type.Test_FindBugs" value="file" />
    <property name="htm.dir" value="D:\Eclipse-Repositories\MyAccounts\html" />
    <property name="path.separator" value=";" />
    <property name="java.vm.version" value="25.25-b02" />
    <property name="user.variant" value="" />
    <property name="ant.library.dir" value="D:\eclipse-luna-win64\plugins\org.apache.ant_1.9.2.v201404171502\lib" />
    <property name="java.awt.printerjob" value="sun.awt.windows.WPrinterJob" />
    <property name="sun.io.unicode.encoding" value="UnicodeLittle" />
    <property name="awt.toolkit" value="sun.awt.windows.WToolkit" />
    <property name="report.temp.dir" value="D:\Eclipse-Repositories\MyAccounts\build\reports\temp" />
    <property name="user.script" value="" />
    <property name="eclipse.pdebuild.scripts" value="/D:/eclipse-luna-win64/plugins/org.eclipse.pde.build_3.9.0.v20140415-2029/scripts/" />
    <property name="user.home" value="C:\Users\Dell" />
    <property name="java.specification.vendor" value="Oracle Corporation" />
    <property name="java.library.path" value="D:\Java64\jdk1.8.0_25\jre\bin;C:\Windows\Sun\Java\bin;C:\Windows\system32;C:\Windows;C:\Pythob2.7.9\;C:\Pythob2.7.9\Scripts;C:\ProgramData\Oracle\Java\javapath;C:\Windows\system32;C:\Windows;C:\Windows\System32\Wbem;C:\Windows\System32\WindowsPowerShell\v1.0\;C:\Program Files\Microsoft SQL Server\110\Tools\Binn\;C:\Program Files (x86)\Microsoft SDKs\TypeScript\1.0\;C:\Program Files\Microsoft SQL Server\120\Tools\Binn\;C:\Program Files\MySQL\MySQL Server 5.1\bin;C:\Program Files\nodejs\;C:\Program Files (x86)\Git\cmd;C:\Program Files (x86)\Subversion\bin;C:\Program Files\TortoiseSVN\bin;C:\Program Files (x86)\CVS Suite\CVSNT\;C:\Program Files\VisualSVN Server\bin;C:\Program Files\Java\jdk1.6.0_45\bin;D:\groovy-binary-2.1.6\groovy-2.1.6\bin;C:\Users\Dell\AppData\Roaming\npm;C:\Program Files (x86)\CVS Suite\CVSNT\;." />
    <property name="java.vendor.url" value="http://java.oracle.com/" />
    <property name="java.vm.vendor" value="Oracle Corporation" />
    <property name="java.runtime.name" value="Java(TM) SE Runtime Environment" />
    <property name="sun.java.command" value="org.apache.tools.ant.taskdefs.optional.junit.JUnitTestRunner test.com.bank.AccountTest filtertrace=true haltOnError=false haltOnFailure=false formatter=org.apache.tools.ant.taskdefs.optional.junit.SummaryJUnitResultFormatter showoutput=false outputtoformatters=true logfailedtests=true logtestlistenerevents=false formatter=org.apache.tools.ant.taskdefs.optional.junit.PlainJUnitResultFormatter,D:\Eclipse-Repositories\MyAccounts\build\reports\temp\TEST-test.com.bank.AccountTest.txt formatter=org.apache.tools.ant.taskdefs.optional.junit.XMLJUnitResultFormatter,D:\Eclipse-Repositories\MyAccounts\build\reports\temp\TEST-test.com.bank.AccountTest.xml crashfile=D:\Eclipse-Repositories\MyAccounts\junitvmwatcher1095689039036794995.properties propsfile=D:\Eclipse-Repositories\MyAccounts\junit3248780048650294046.properties" />
    <property name="java.class.path" value="D:\Eclipse-Repositories\MyAccounts\instrumented;D:\Eclipse-Repositories\MyAccounts\bin;D:\Eclipse-Repositories\MyAccounts\lib\junit-4.2.jar;D:\Jenkins-Training\Installations\cobertura-1.9.4\cobertura.jar;D:\Jenkins-Training\Installations\cobertura-1.9.4\lib\asm-3.0.jar;D:\Jenkins-Training\Installations\cobertura-1.9.4\lib\asm-tree-3.0.jar;D:\Jenkins-Training\Installations\cobertura-1.9.4\lib\jakarta-oro-2.0.8.jar;D:\Jenkins-Training\Installations\cobertura-1.9.4\lib\log4j-1.2.9.jar;D:\eclipse-luna-win64\plugins\org.apache.ant_1.9.2.v201404171502\lib\ant-launcher.jar;D:\eclipse-luna-win64\plugins\org.apache.ant_1.9.2.v201404171502\lib\ant.jar;D:\eclipse-luna-win64\plugins\org.apache.ant_1.9.2.v201404171502\lib\ant-junit.jar;D:\eclipse-luna-win64\plugins\org.apache.ant_1.9.2.v201404171502\lib\ant-junit4.jar" />
    <property name="ant.version" value="Apache Ant(TM) version 1.9.2 compiled on July 8 2013" />
    <property name="report.junit.dir" value="D:\Eclipse-Repositories\MyAccounts\build\reports\junit" />
    <property name="app.name" value="test" />
    <property name="java.vm.specification.name" value="Java Virtual Machine Specification" />
    <property name="java.vm.specification.version" value="1.8" />
    <property name="sun.cpu.endian" value="little" />
    <property name="sun.os.patch.level" value="Service Pack 1" />
    <property name="eclipse.pdebuild.home" value="/D:/eclipse-luna-win64/plugins/org.eclipse.pde.build_3.9.0.v20140415-2029/./" />
    <property name="java.io.tmpdir" value="C:\Users\Dell\AppData\Local\Temp\" />
    <property name="java.vendor.url.bug" value="http://bugreport.sun.com/bugreport/" />
    <property name="instrumented.dir" value="D:\Eclipse-Repositories\MyAccounts\instrumented" />
    <property name="os.arch" value="amd64" />
    <property name="java.awt.graphicsenv" value="sun.awt.Win32GraphicsEnvironment" />
    <property name="findbugs.home.dir" value="D:/Jenkins-Training/Installations/findbugs-3.0" />
    <property name="cobertura.ser.file" value="D:\Eclipse-Repositories\MyAccounts\build\reports\temp\cobertura.ser" />
    <property name="java.ext.dirs" value="D:\Java64\jdk1.8.0_25\jre\lib\ext;C:\Windows\Sun\Java\lib\ext" />
    <property name="user.dir" value="D:\Eclipse-Repositories\MyAccounts" />
    <property name="line.separator" value="&#xd;&#xa;" />
    <property name="java.vm.name" value="Java HotSpot(TM) 64-Bit Server VM" />
    <property name="cobertura.home.dir" value="D:/Jenkins-Training/Installations/cobertura-1.9.4" />
    <property name="basedir" value="D:\Eclipse-Repositories\MyAccounts" />
    <property name="report.pmd.dir" value="D:\Eclipse-Repositories\MyAccounts\build\reports\pmd" />
    <property name="ant.java.version" value="1.8" />
    <property name="report.cobertura.dir" value="D:\Eclipse-Repositories\MyAccounts\build\reports\cobertura" />
    <property name="ant.core.lib" value="D:\eclipse-luna-win64\plugins\org.apache.ant_1.9.2.v201404171502\lib\ant.jar" />
    <property name="file.encoding" value="Cp1252" />
    <property name="source.dir" value="src" />
    <property name="report.checkstyle.dir" value="D:\Eclipse-Repositories\MyAccounts\build\reports\checkstyle" />
    <property name="java.specification.version" value="1.8" />
    <property name="ant.project.invoked-targets" value="coberturaReport" />
    <property name="findbugs.available" value="true" />
  </properties>
  <testcase classname="test.com.bank.AccountTest" name="testGetAccount_no" time="0.02">
    <error message="Expecting a stackmap frame at branch target 79&#xa;Exception Details:&#xa;  Location:&#xa;    com/bank/Account.equals(Lcom/bank/Account;)Z @40: if_acmpne&#xa;  Reason:&#xa;    Expected stackmap frame at this location.&#xa;  Bytecode:&#xa;    0x0000000: 033d 11ff ff3e 1210 1100 2ab8 0016 b200&#xa;    0x0000010: 1e12 3eb6 0026 1210 1100 2bb8 0016 2a2b&#xa;    0x0000020: 1100 2b3d 1100 003e a600 271c 1100 2ba0&#xa;    0x0000030: 0016 1d11 0000 a000 0f12 101c 1d04 b800&#xa;    0x0000040: 4211 ffff 3e12 1011 002c b800 1604 ac1d&#xa;    0x0000050: 9b00 0f12 101c 1d03 b800 4211 ffff 3e12&#xa;    0x0000060: 1011 002d b800 162b 1100 2d3d 1100 003e&#xa;    0x0000070: c700 271c 1100 2da0 0016 1d11 0000 a000&#xa;    0x0000080: 0f12 101c 1d04 b800 4211 ffff 3e12 1011&#xa;    0x0000090: 002e b800 1603 ac1d 9b00 0f12 101c 1d03&#xa;    0x00000a0: b800 4211 ffff 3e12 1011 002f b800 162a&#xa;    0x00000b0: b600 462b b600 4611 002f 3d11 0000 3ea5&#xa;    0x00000c0: 0027 1c11 002f a000 161d 1100 00a0 000f&#xa;    0x00000d0: 1210 1c1d 04b8 0042 11ff ff3e 1210 1100&#xa;    0x00000e0: 30b8 0016 03ac 1d9b 000f 1210 1c1d 03b8&#xa;    0x00000f0: 0042 11ff ff3e 1210 1100 31b8 0016 2b3a&#xa;    0x0000100: 0412 1011 0032 b800 162a b400 3a19 04b4&#xa;    0x0000110: 003a 1100 323d 1100 003e 9f00 271c 1100&#xa;    0x0000120: 32a0 0016 1d11 0000 a000 0f12 101c 1d04&#xa;    0x0000130: b800 4211 ffff 3e12 1011 0033 b800 1603&#xa;    0x0000140: ac1d 9b00 0f12 101c 1d03 b800 4211 ffff&#xa;    0x0000150: 3e12 1011 0034 b800 162a b400 2c11 0034&#xa;    0x0000160: 3d11 0000 3ec7 0059 1c11 0034 a000 161d&#xa;    0x0000170: 1100 00a0 000f 1210 1c1d 04b8 0042 11ff&#xa;    0x0000180: ff3e 1210 1100 35b8 0016 1904 b400 2c11&#xa;    0x0000190: 0035 3d11 0000 3ec6 007a 1c11 0035 a000&#xa;    0x00001a0: 161d 1100 00a0 000f 1210 1c1d 04b8 0042&#xa;    0x00001b0: 11ff ff3e 1210 1100 36b8 0016 03ac 1d9b&#xa;    0x00001c0: 000f 1210 1c1d 03b8 0042 11ff ff3e 1210&#xa;    0x00001d0: 1100 37b8 0016 2ab4 002c 1904 b400 2cb6&#xa;    0x00001e0: 0049 1100 373d 1100 003e 9a00 271c 1100&#xa;    0x00001f0: 37a0 0016 1d11 0000 a000 0f12 101c 1d04&#xa;    0x0000200: b800 4211 ffff 3e12 1011 0038 b800 1603&#xa;    0x0000210: ac1d 9b00 0f12 101c 1d03 b800 4211 ffff&#xa;    0x0000220: 3e12 1011 0039 b800 1604 ac            &#xa;  Stackmap Table:&#xa;    same_frame_extended(@103)&#xa;    same_frame_extended(@175)&#xa;    same_frame_extended(@254)&#xa;    append_frame(@345,Object[#2])&#xa;    same_frame_extended(@470)&#xa;    same_frame_extended(@553)&#xa;" type="java.lang.VerifyError">java.lang.VerifyError: Expecting a stackmap frame at branch target 79
Exception Details:
  Location:
    com/bank/Account.equals(Lcom/bank/Account;)Z @40: if_acmpne
  Reason:
    Expected stackmap frame at this location.
  Bytecode:
    0x0000000: 033d 11ff ff3e 1210 1100 2ab8 0016 b200
    0x0000010: 1e12 3eb6 0026 1210 1100 2bb8 0016 2a2b
    0x0000020: 1100 2b3d 1100 003e a600 271c 1100 2ba0
    0x0000030: 0016 1d11 0000 a000 0f12 101c 1d04 b800
    0x0000040: 4211 ffff 3e12 1011 002c b800 1604 ac1d
    0x0000050: 9b00 0f12 101c 1d03 b800 4211 ffff 3e12
    0x0000060: 1011 002d b800 162b 1100 2d3d 1100 003e
    0x0000070: c700 271c 1100 2da0 0016 1d11 0000 a000
    0x0000080: 0f12 101c 1d04 b800 4211 ffff 3e12 1011
    0x0000090: 002e b800 1603 ac1d 9b00 0f12 101c 1d03
    0x00000a0: b800 4211 ffff 3e12 1011 002f b800 162a
    0x00000b0: b600 462b b600 4611 002f 3d11 0000 3ea5
    0x00000c0: 0027 1c11 002f a000 161d 1100 00a0 000f
    0x00000d0: 1210 1c1d 04b8 0042 11ff ff3e 1210 1100
    0x00000e0: 30b8 0016 03ac 1d9b 000f 1210 1c1d 03b8
    0x00000f0: 0042 11ff ff3e 1210 1100 31b8 0016 2b3a
    0x0000100: 0412 1011 0032 b800 162a b400 3a19 04b4
    0x0000110: 003a 1100 323d 1100 003e 9f00 271c 1100
    0x0000120: 32a0 0016 1d11 0000 a000 0f12 101c 1d04
    0x0000130: b800 4211 ffff 3e12 1011 0033 b800 1603
    0x0000140: ac1d 9b00 0f12 101c 1d03 b800 4211 ffff
    0x0000150: 3e12 1011 0034 b800 162a b400 2c11 0034
    0x0000160: 3d11 0000 3ec7 0059 1c11 0034 a000 161d
    0x0000170: 1100 00a0 000f 1210 1c1d 04b8 0042 11ff
    0x0000180: ff3e 1210 1100 35b8 0016 1904 b400 2c11
    0x0000190: 0035 3d11 0000 3ec6 007a 1c11 0035 a000
    0x00001a0: 161d 1100 00a0 000f 1210 1c1d 04b8 0042
    0x00001b0: 11ff ff3e 1210 1100 36b8 0016 03ac 1d9b
    0x00001c0: 000f 1210 1c1d 03b8 0042 11ff ff3e 1210
    0x00001d0: 1100 37b8 0016 2ab4 002c 1904 b400 2cb6
    0x00001e0: 0049 1100 373d 1100 003e 9a00 271c 1100
    0x00001f0: 37a0 0016 1d11 0000 a000 0f12 101c 1d04
    0x0000200: b800 4211 ffff 3e12 1011 0038 b800 1603
    0x0000210: ac1d 9b00 0f12 101c 1d03 b800 4211 ffff
    0x0000220: 3e12 1011 0039 b800 1604 ac            
  Stackmap Table:
    same_frame_extended(@103)
    same_frame_extended(@175)
    same_frame_extended(@254)
    append_frame(@345,Object[#2])
    same_frame_extended(@470)
    same_frame_extended(@553)

	at test.com.bank.AccountTest.testGetAccount_no(AccountTest.java:36)
</error>
  </testcase>
  <testcase classname="test.com.bank.AccountTest" name="testAccountEquals" time="0.003">
    <error message="Expecting a stackmap frame at branch target 79&#xa;Exception Details:&#xa;  Location:&#xa;    com/bank/Account.equals(Lcom/bank/Account;)Z @40: if_acmpne&#xa;  Reason:&#xa;    Expected stackmap frame at this location.&#xa;  Bytecode:&#xa;    0x0000000: 033d 11ff ff3e 1210 1100 2ab8 0016 b200&#xa;    0x0000010: 1e12 3eb6 0026 1210 1100 2bb8 0016 2a2b&#xa;    0x0000020: 1100 2b3d 1100 003e a600 271c 1100 2ba0&#xa;    0x0000030: 0016 1d11 0000 a000 0f12 101c 1d04 b800&#xa;    0x0000040: 4211 ffff 3e12 1011 002c b800 1604 ac1d&#xa;    0x0000050: 9b00 0f12 101c 1d03 b800 4211 ffff 3e12&#xa;    0x0000060: 1011 002d b800 162b 1100 2d3d 1100 003e&#xa;    0x0000070: c700 271c 1100 2da0 0016 1d11 0000 a000&#xa;    0x0000080: 0f12 101c 1d04 b800 4211 ffff 3e12 1011&#xa;    0x0000090: 002e b800 1603 ac1d 9b00 0f12 101c 1d03&#xa;    0x00000a0: b800 4211 ffff 3e12 1011 002f b800 162a&#xa;    0x00000b0: b600 462b b600 4611 002f 3d11 0000 3ea5&#xa;    0x00000c0: 0027 1c11 002f a000 161d 1100 00a0 000f&#xa;    0x00000d0: 1210 1c1d 04b8 0042 11ff ff3e 1210 1100&#xa;    0x00000e0: 30b8 0016 03ac 1d9b 000f 1210 1c1d 03b8&#xa;    0x00000f0: 0042 11ff ff3e 1210 1100 31b8 0016 2b3a&#xa;    0x0000100: 0412 1011 0032 b800 162a b400 3a19 04b4&#xa;    0x0000110: 003a 1100 323d 1100 003e 9f00 271c 1100&#xa;    0x0000120: 32a0 0016 1d11 0000 a000 0f12 101c 1d04&#xa;    0x0000130: b800 4211 ffff 3e12 1011 0033 b800 1603&#xa;    0x0000140: ac1d 9b00 0f12 101c 1d03 b800 4211 ffff&#xa;    0x0000150: 3e12 1011 0034 b800 162a b400 2c11 0034&#xa;    0x0000160: 3d11 0000 3ec7 0059 1c11 0034 a000 161d&#xa;    0x0000170: 1100 00a0 000f 1210 1c1d 04b8 0042 11ff&#xa;    0x0000180: ff3e 1210 1100 35b8 0016 1904 b400 2c11&#xa;    0x0000190: 0035 3d11 0000 3ec6 007a 1c11 0035 a000&#xa;    0x00001a0: 161d 1100 00a0 000f 1210 1c1d 04b8 0042&#xa;    0x00001b0: 11ff ff3e 1210 1100 36b8 0016 03ac 1d9b&#xa;    0x00001c0: 000f 1210 1c1d 03b8 0042 11ff ff3e 1210&#xa;    0x00001d0: 1100 37b8 0016 2ab4 002c 1904 b400 2cb6&#xa;    0x00001e0: 0049 1100 373d 1100 003e 9a00 271c 1100&#xa;    0x00001f0: 37a0 0016 1d11 0000 a000 0f12 101c 1d04&#xa;    0x0000200: b800 4211 ffff 3e12 1011 0038 b800 1603&#xa;    0x0000210: ac1d 9b00 0f12 101c 1d03 b800 4211 ffff&#xa;    0x0000220: 3e12 1011 0039 b800 1604 ac            &#xa;  Stackmap Table:&#xa;    same_frame_extended(@103)&#xa;    same_frame_extended(@175)&#xa;    same_frame_extended(@254)&#xa;    append_frame(@345,Object[#2])&#xa;    same_frame_extended(@470)&#xa;    same_frame_extended(@553)&#xa;" type="java.lang.VerifyError">java.lang.VerifyError: Expecting a stackmap frame at branch target 79
Exception Details:
  Location:
    com/bank/Account.equals(Lcom/bank/Account;)Z @40: if_acmpne
  Reason:
    Expected stackmap frame at this location.
  Bytecode:
    0x0000000: 033d 11ff ff3e 1210 1100 2ab8 0016 b200
    0x0000010: 1e12 3eb6 0026 1210 1100 2bb8 0016 2a2b
    0x0000020: 1100 2b3d 1100 003e a600 271c 1100 2ba0
    0x0000030: 0016 1d11 0000 a000 0f12 101c 1d04 b800
    0x0000040: 4211 ffff 3e12 1011 002c b800 1604 ac1d
    0x0000050: 9b00 0f12 101c 1d03 b800 4211 ffff 3e12
    0x0000060: 1011 002d b800 162b 1100 2d3d 1100 003e
    0x0000070: c700 271c 1100 2da0 0016 1d11 0000 a000
    0x0000080: 0f12 101c 1d04 b800 4211 ffff 3e12 1011
    0x0000090: 002e b800 1603 ac1d 9b00 0f12 101c 1d03
    0x00000a0: b800 4211 ffff 3e12 1011 002f b800 162a
    0x00000b0: b600 462b b600 4611 002f 3d11 0000 3ea5
    0x00000c0: 0027 1c11 002f a000 161d 1100 00a0 000f
    0x00000d0: 1210 1c1d 04b8 0042 11ff ff3e 1210 1100
    0x00000e0: 30b8 0016 03ac 1d9b 000f 1210 1c1d 03b8
    0x00000f0: 0042 11ff ff3e 1210 1100 31b8 0016 2b3a
    0x0000100: 0412 1011 0032 b800 162a b400 3a19 04b4
    0x0000110: 003a 1100 323d 1100 003e 9f00 271c 1100
    0x0000120: 32a0 0016 1d11 0000 a000 0f12 101c 1d04
    0x0000130: b800 4211 ffff 3e12 1011 0033 b800 1603
    0x0000140: ac1d 9b00 0f12 101c 1d03 b800 4211 ffff
    0x0000150: 3e12 1011 0034 b800 162a b400 2c11 0034
    0x0000160: 3d11 0000 3ec7 0059 1c11 0034 a000 161d
    0x0000170: 1100 00a0 000f 1210 1c1d 04b8 0042 11ff
    0x0000180: ff3e 1210 1100 35b8 0016 1904 b400 2c11
    0x0000190: 0035 3d11 0000 3ec6 007a 1c11 0035 a000
    0x00001a0: 161d 1100 00a0 000f 1210 1c1d 04b8 0042
    0x00001b0: 11ff ff3e 1210 1100 36b8 0016 03ac 1d9b
    0x00001c0: 000f 1210 1c1d 03b8 0042 11ff ff3e 1210
    0x00001d0: 1100 37b8 0016 2ab4 002c 1904 b400 2cb6
    0x00001e0: 0049 1100 373d 1100 003e 9a00 271c 1100
    0x00001f0: 37a0 0016 1d11 0000 a000 0f12 101c 1d04
    0x0000200: b800 4211 ffff 3e12 1011 0038 b800 1603
    0x0000210: ac1d 9b00 0f12 101c 1d03 b800 4211 ffff
    0x0000220: 3e12 1011 0039 b800 1604 ac            
  Stackmap Table:
    same_frame_extended(@103)
    same_frame_extended(@175)
    same_frame_extended(@254)
    append_frame(@345,Object[#2])
    same_frame_extended(@470)
    same_frame_extended(@553)

	at test.com.bank.AccountTest.testAccountEquals(AccountTest.java:44)
</error>
  </testcase>
  <system-out><![CDATA[implemented in accountTest
]]></system-out>
  <system-err><![CDATA[]]></system-err>
</testsuite>
