<?xml version="1.0" encoding="UTF-8" ?>
<testsuite errors="2" failures="0" hostname="Dell-PC" name="test.com.bank.AccountTest" skipped="0" tests="2" time="0.094" timestamp="2015-04-19T20:38:17">
  <properties>
[...]
</properties>
  <testcase classname="test.com.bank.AccountTest" name="testGetAccount_no" time="0.02">
    <error message="Expecting a stackmap frame at branch target 79&#xa;Exception Details:&#xa;  Location:&#xa;    com/bank/Account.equals(Lcom/bank/Account;)Z @40: if_acmpne&#xa;  Reason:&#xa;    Expected stackmap frame at this location.&#xa;  Bytecode:&#xa;    0x0000000: 033d 11ff ff3e 1210 1100 2ab8 0016 b200&#xa;    0x0000010: 1e12 3eb6 0026 1210 1100 2bb8 0016 2a2b&#xa;    0x0000020: 1100 2b3d 1100 003e a600 271c 1100 2ba0&#xa;    0x0000030: 0016 1d11 0000 a000 0f12 101c 1d04 b800&#xa;    0x0000040: 4211 ffff 3e12 1011 002c b800 1604 ac1d&#xa;    0x0000050: 9b00 0f12 101c 1d03 b800 4211 ffff 3e12&#xa;    0x0000060: 1011 002d b800 162b 1100 2d3d 1100 003e&#xa;    0x0000070: c700 271c 1100 2da0 0016 1d11 0000 a000&#xa;    0x0000080: 0f12 101c 1d04 b800 4211 ffff 3e12 1011&#xa;    0x0000090: 002e b800 1603 ac1d 9b00 0f12 101c 1d03&#xa;    0x00000a0: b800 4211 ffff 3e12 1011 002f b800 162a&#xa;    0x00000b0: b600 462b b600 4611 002f 3d11 0000 3ea5&#xa;    0x00000c0: 0027 1c11 002f a000 161d 1100 00a0 000f&#xa;    0x00000d0: 1210 1c1d 04b8 0042 11ff ff3e 1210 1100&#xa;    0x00000e0: 30b8 0016 03ac 1d9b 000f 1210 1c1d 03b8&#xa;    0x00000f0: 0042 11ff ff3e 1210 1100 31b8 0016 2b3a&#xa;    0x0000100: 0412 1011 0032 b800 162a b400 3a19 04b4&#xa;    0x0000110: 003a 1100 323d 1100 003e 9f00 271c 1100&#xa;    0x0000120: 32a0 0016 1d11 0000 a000 0f12 101c 1d04&#xa;    0x0000130: b800 4211 ffff 3e12 1011 0033 b800 1603&#xa;    0x0000140: ac1d 9b00 0f12 101c 1d03 b800 4211 ffff&#xa;    0x0000150: 3e12 1011 0034 b800 162a b400 2c11 0034&#xa;    0x0000160: 3d11 0000 3ec7 0059 1c11 0034 a000 161d&#xa;    0x0000170: 1100 00a0 000f 1210 1c1d 04b8 0042 11ff&#xa;    0x0000180: ff3e 1210 1100 35b8 0016 1904 b400 2c11&#xa;    0x0000190: 0035 3d11 0000 3ec6 007a 1c11 0035 a000&#xa;    0x00001a0: 161d 1100 00a0 000f 1210 1c1d 04b8 0042&#xa;    0x00001b0: 11ff ff3e 1210 1100 36b8 0016 03ac 1d9b&#xa;    0x00001c0: 000f 1210 1c1d 03b8 0042 11ff ff3e 1210&#xa;    0x00001d0: 1100 37b8 0016 2ab4 002c 1904 b400 2cb6&#xa;    0x00001e0: 0049 1100 373d 1100 003e 9a00 271c 1100&#xa;    0x00001f0: 37a0 0016 1d11 0000 a000 0f12 101c 1d04&#xa;    0x0000200: b800 4211 ffff 3e12 1011 0038 b800 1603&#xa;    0x0000210: ac1d 9b00 0f12 101c 1d03 b800 4211 ffff&#xa;    0x0000220: 3e12 1011 0039 b800 1604 ac            &#xa;  Stackmap Table:&#xa;    same_frame_extended(@103)&#xa;    same_frame_extended(@175)&#xa;    same_frame_extended(@254)&#xa;    append_frame(@345,Object[#2])&#xa;    same_frame_extended(@470)&#xa;    same_frame_extended(@553)&#xa;" type="java.lang.VerifyError">java.lang.VerifyError: Expecting a stackmap frame at branch target 79
Exception Details:
  Location:
    com/bank/Account.equals(Lcom/bank/Account;)Z @40: if_acmpne
  Reason:
    Expected stackmap frame at this location.
  Bytecode:
    0x0000000: 033d 11ff ff3e 1210 1100 2ab8 0016 b200
    0x0000010: 1e12 3eb6 0026 1210 1100 2bb8 0016 2a2b
    0x0000020: 1100 2b3d 1100 003e a600 271c 1100 2ba0
    0x0000030: 0016 1d11 0000 a000 0f12 101c 1d04 b800
    0x0000040: 4211 ffff 3e12 1011 002c b800 1604 ac1d
    0x0000050: 9b00 0f12 101c 1d03 b800 4211 ffff 3e12
    0x0000060: 1011 002d b800 162b 1100 2d3d 1100 003e
    0x0000070: c700 271c 1100 2da0 0016 1d11 0000 a000
    0x0000080: 0f12 101c 1d04 b800 4211 ffff 3e12 1011
    0x0000090: 002e b800 1603 ac1d 9b00 0f12 101c 1d03
    0x00000a0: b800 4211 ffff 3e12 1011 002f b800 162a
    0x00000b0: b600 462b b600 4611 002f 3d11 0000 3ea5
    0x00000c0: 0027 1c11 002f a000 161d 1100 00a0 000f
    0x00000d0: 1210 1c1d 04b8 0042 11ff ff3e 1210 1100
    0x00000e0: 30b8 0016 03ac 1d9b 000f 1210 1c1d 03b8
    0x00000f0: 0042 11ff ff3e 1210 1100 31b8 0016 2b3a
    0x0000100: 0412 1011 0032 b800 162a b400 3a19 04b4
    0x0000110: 003a 1100 323d 1100 003e 9f00 271c 1100
    0x0000120: 32a0 0016 1d11 0000 a000 0f12 101c 1d04
    0x0000130: b800 4211 ffff 3e12 1011 0033 b800 1603
    0x0000140: ac1d 9b00 0f12 101c 1d03 b800 4211 ffff
    0x0000150: 3e12 1011 0034 b800 162a b400 2c11 0034
    0x0000160: 3d11 0000 3ec7 0059 1c11 0034 a000 161d
    0x0000170: 1100 00a0 000f 1210 1c1d 04b8 0042 11ff
    0x0000180: ff3e 1210 1100 35b8 0016 1904 b400 2c11
    0x0000190: 0035 3d11 0000 3ec6 007a 1c11 0035 a000
    0x00001a0: 161d 1100 00a0 000f 1210 1c1d 04b8 0042
    0x00001b0: 11ff ff3e 1210 1100 36b8 0016 03ac 1d9b
    0x00001c0: 000f 1210 1c1d 03b8 0042 11ff ff3e 1210
    0x00001d0: 1100 37b8 0016 2ab4 002c 1904 b400 2cb6
    0x00001e0: 0049 1100 373d 1100 003e 9a00 271c 1100
    0x00001f0: 37a0 0016 1d11 0000 a000 0f12 101c 1d04
    0x0000200: b800 4211 ffff 3e12 1011 0038 b800 1603
    0x0000210: ac1d 9b00 0f12 101c 1d03 b800 4211 ffff
    0x0000220: 3e12 1011 0039 b800 1604 ac            
  Stackmap Table:
    same_frame_extended(@103)
    same_frame_extended(@175)
    same_frame_extended(@254)
    append_frame(@345,Object[#2])
    same_frame_extended(@470)
    same_frame_extended(@553)

	at test.com.bank.AccountTest.testGetAccount_no(AccountTest.java:36)
</error>
  </testcase>
  <testcase classname="test.com.bank.AccountTest" name="testAccountEquals" time="0.003">
    <error message="Expecting a stackmap frame at branch target 79&#xa;Exception Details:&#xa;  Location:&#xa;    com/bank/Account.equals(Lcom/bank/Account;)Z @40: if_acmpne&#xa;  Reason:&#xa;    Expected stackmap frame at this location.&#xa;  Bytecode:&#xa;    0x0000000: 033d 11ff ff3e 1210 1100 2ab8 0016 b200&#xa;    0x0000010: 1e12 3eb6 0026 1210 1100 2bb8 0016 2a2b&#xa;    0x0000020: 1100 2b3d 1100 003e a600 271c 1100 2ba0&#xa;    0x0000030: 0016 1d11 0000 a000 0f12 101c 1d04 b800&#xa;    0x0000040: 4211 ffff 3e12 1011 002c b800 1604 ac1d&#xa;    0x0000050: 9b00 0f12 101c 1d03 b800 4211 ffff 3e12&#xa;    0x0000060: 1011 002d b800 162b 1100 2d3d 1100 003e&#xa;    0x0000070: c700 271c 1100 2da0 0016 1d11 0000 a000&#xa;    0x0000080: 0f12 101c 1d04 b800 4211 ffff 3e12 1011&#xa;    0x0000090: 002e b800 1603 ac1d 9b00 0f12 101c 1d03&#xa;    0x00000a0: b800 4211 ffff 3e12 1011 002f b800 162a&#xa;    0x00000b0: b600 462b b600 4611 002f 3d11 0000 3ea5&#xa;    0x00000c0: 0027 1c11 002f a000 161d 1100 00a0 000f&#xa;    0x00000d0: 1210 1c1d 04b8 0042 11ff ff3e 1210 1100&#xa;    0x00000e0: 30b8 0016 03ac 1d9b 000f 1210 1c1d 03b8&#xa;    0x00000f0: 0042 11ff ff3e 1210 1100 31b8 0016 2b3a&#xa;    0x0000100: 0412 1011 0032 b800 162a b400 3a19 04b4&#xa;    0x0000110: 003a 1100 323d 1100 003e 9f00 271c 1100&#xa;    0x0000120: 32a0 0016 1d11 0000 a000 0f12 101c 1d04&#xa;    0x0000130: b800 4211 ffff 3e12 1011 0033 b800 1603&#xa;    0x0000140: ac1d 9b00 0f12 101c 1d03 b800 4211 ffff&#xa;    0x0000150: 3e12 1011 0034 b800 162a b400 2c11 0034&#xa;    0x0000160: 3d11 0000 3ec7 0059 1c11 0034 a000 161d&#xa;    0x0000170: 1100 00a0 000f 1210 1c1d 04b8 0042 11ff&#xa;    0x0000180: ff3e 1210 1100 35b8 0016 1904 b400 2c11&#xa;    0x0000190: 0035 3d11 0000 3ec6 007a 1c11 0035 a000&#xa;    0x00001a0: 161d 1100 00a0 000f 1210 1c1d 04b8 0042&#xa;    0x00001b0: 11ff ff3e 1210 1100 36b8 0016 03ac 1d9b&#xa;    0x00001c0: 000f 1210 1c1d 03b8 0042 11ff ff3e 1210&#xa;    0x00001d0: 1100 37b8 0016 2ab4 002c 1904 b400 2cb6&#xa;    0x00001e0: 0049 1100 373d 1100 003e 9a00 271c 1100&#xa;    0x00001f0: 37a0 0016 1d11 0000 a000 0f12 101c 1d04&#xa;    0x0000200: b800 4211 ffff 3e12 1011 0038 b800 1603&#xa;    0x0000210: ac1d 9b00 0f12 101c 1d03 b800 4211 ffff&#xa;    0x0000220: 3e12 1011 0039 b800 1604 ac            &#xa;  Stackmap Table:&#xa;    same_frame_extended(@103)&#xa;    same_frame_extended(@175)&#xa;    same_frame_extended(@254)&#xa;    append_frame(@345,Object[#2])&#xa;    same_frame_extended(@470)&#xa;    same_frame_extended(@553)&#xa;" type="java.lang.VerifyError">java.lang.VerifyError: Expecting a stackmap frame at branch target 79
Exception Details:
  Location:
    com/bank/Account.equals(Lcom/bank/Account;)Z @40: if_acmpne
  Reason:
    Expected stackmap frame at this location.
  Bytecode:
    0x0000000: 033d 11ff ff3e 1210 1100 2ab8 0016 b200
    0x0000010: 1e12 3eb6 0026 1210 1100 2bb8 0016 2a2b
    0x0000020: 1100 2b3d 1100 003e a600 271c 1100 2ba0
    0x0000030: 0016 1d11 0000 a000 0f12 101c 1d04 b800
    0x0000040: 4211 ffff 3e12 1011 002c b800 1604 ac1d
    0x0000050: 9b00 0f12 101c 1d03 b800 4211 ffff 3e12
    0x0000060: 1011 002d b800 162b 1100 2d3d 1100 003e
    0x0000070: c700 271c 1100 2da0 0016 1d11 0000 a000
    0x0000080: 0f12 101c 1d04 b800 4211 ffff 3e12 1011
    0x0000090: 002e b800 1603 ac1d 9b00 0f12 101c 1d03
    0x00000a0: b800 4211 ffff 3e12 1011 002f b800 162a
    0x00000b0: b600 462b b600 4611 002f 3d11 0000 3ea5
    0x00000c0: 0027 1c11 002f a000 161d 1100 00a0 000f
    0x00000d0: 1210 1c1d 04b8 0042 11ff ff3e 1210 1100
    0x00000e0: 30b8 0016 03ac 1d9b 000f 1210 1c1d 03b8
    0x00000f0: 0042 11ff ff3e 1210 1100 31b8 0016 2b3a
    0x0000100: 0412 1011 0032 b800 162a b400 3a19 04b4
    0x0000110: 003a 1100 323d 1100 003e 9f00 271c 1100
    0x0000120: 32a0 0016 1d11 0000 a000 0f12 101c 1d04
    0x0000130: b800 4211 ffff 3e12 1011 0033 b800 1603
    0x0000140: ac1d 9b00 0f12 101c 1d03 b800 4211 ffff
    0x0000150: 3e12 1011 0034 b800 162a b400 2c11 0034
    0x0000160: 3d11 0000 3ec7 0059 1c11 0034 a000 161d
    0x0000170: 1100 00a0 000f 1210 1c1d 04b8 0042 11ff
    0x0000180: ff3e 1210 1100 35b8 0016 1904 b400 2c11
    0x0000190: 0035 3d11 0000 3ec6 007a 1c11 0035 a000
    0x00001a0: 161d 1100 00a0 000f 1210 1c1d 04b8 0042
    0x00001b0: 11ff ff3e 1210 1100 36b8 0016 03ac 1d9b
    0x00001c0: 000f 1210 1c1d 03b8 0042 11ff ff3e 1210
    0x00001d0: 1100 37b8 0016 2ab4 002c 1904 b400 2cb6
    0x00001e0: 0049 1100 373d 1100 003e 9a00 271c 1100
    0x00001f0: 37a0 0016 1d11 0000 a000 0f12 101c 1d04
    0x0000200: b800 4211 ffff 3e12 1011 0038 b800 1603
    0x0000210: ac1d 9b00 0f12 101c 1d03 b800 4211 ffff
    0x0000220: 3e12 1011 0039 b800 1604 ac            
  Stackmap Table:
    same_frame_extended(@103)
    same_frame_extended(@175)
    same_frame_extended(@254)
    append_frame(@345,Object[#2])
    same_frame_extended(@470)
    same_frame_extended(@553)

	at test.com.bank.AccountTest.testAccountEquals(AccountTest.java:44)
</error>
  </testcase>
  <system-out><![CDATA[implemented in accountTest
]]></system-out>
  <system-err><![CDATA[]]></system-err>
</testsuite>
